2025-05-12T01:50:45.405+08:00  INFO 41480 --- [springboot-mvc] [RMI TCP Connection(400)-127.0.0.1] inMXBeanRegistrar$SpringApplicationAdmin : Application shutdown requested.
2025-05-12T01:50:45.430+08:00  INFO 41480 --- [springboot-mvc] [RMI TCP Connection(400)-127.0.0.1] o.s.b.w.e.tomcat.GracefulShutdown        : Commencing graceful shutdown. Waiting for active requests to complete
2025-05-12T01:50:45.448+08:00  INFO 41480 --- [springboot-mvc] [tomcat-shutdown] o.s.b.w.e.tomcat.GracefulShutdown        : Graceful shutdown complete
2025-05-12T01:50:45.455+08:00  INFO 41480 --- [springboot-mvc] [RMI TCP Connection(400)-127.0.0.1] com.zaxxer.hikari.HikariDataSource       : HikariPool-1 - Shutdown initiated...
2025-05-12T01:50:45.461+08:00  INFO 41480 --- [springboot-mvc] [RMI TCP Connection(400)-127.0.0.1] com.zaxxer.hikari.HikariDataSource       : HikariPool-1 - Shutdown completed.
2025-05-12T02:48:06.304+08:00  INFO 33568 --- [springboot-mvc] [main] c.example.demo.SpringbootMvcApplication  : Starting SpringbootMvcApplication using Java 21.0.6 with PID 33568 (C:\Users\alton\eclipse-workspace\springboot-mvc\target\classes started by alton in C:\Users\alton\eclipse-workspace\springboot-mvc)
2025-05-12T02:48:06.306+08:00  INFO 33568 --- [springboot-mvc] [main] c.example.demo.SpringbootMvcApplication  : No active profile set, falling back to 1 default profile: "default"
2025-05-12T02:48:06.748+08:00  INFO 33568 --- [springboot-mvc] [main] .s.d.r.c.RepositoryConfigurationDelegate : Bootstrapping Spring Data JDBC repositories in DEFAULT mode.
2025-05-12T02:48:06.763+08:00  INFO 33568 --- [springboot-mvc] [main] .s.d.r.c.RepositoryConfigurationDelegate : Finished Spring Data repository scanning in 9 ms. Found 0 JDBC repository interfaces.
2025-05-12T02:48:07.074+08:00  INFO 33568 --- [springboot-mvc] [main] o.s.b.w.embedded.tomcat.TomcatWebServer  : Tomcat initialized with port 8080 (http)
2025-05-12T02:48:07.088+08:00  INFO 33568 --- [springboot-mvc] [main] o.apache.catalina.core.StandardService   : Starting service [Tomcat]
2025-05-12T02:48:07.088+08:00  INFO 33568 --- [springboot-mvc] [main] o.apache.catalina.core.StandardEngine    : Starting Servlet engine: [Apache Tomcat/10.1.40]
2025-05-12T02:48:07.256+08:00  INFO 33568 --- [springboot-mvc] [main] org.apache.jasper.servlet.TldScanner     : At least one JAR was scanned for TLDs yet contained no TLDs. Enable debug logging for this logger for a complete list of JARs that were scanned but no TLDs were found in them. Skipping unneeded JARs during scanning can improve startup time and JSP compilation time.
2025-05-12T02:48:07.262+08:00  INFO 33568 --- [springboot-mvc] [main] o.a.c.c.C.[Tomcat].[localhost].[/]       : Initializing Spring embedded WebApplicationContext
2025-05-12T02:48:07.262+08:00  INFO 33568 --- [springboot-mvc] [main] w.s.c.ServletWebServerApplicationContext : Root WebApplicationContext: initialization completed in 925 ms
2025-05-12T02:48:07.299+08:00  WARN 33568 --- [springboot-mvc] [main] ConfigServletWebServerApplicationContext : Exception encountered during context initialization - cancelling refresh attempt: org.springframework.beans.factory.BeanCreationException: Error creating bean with name 'apiController' defined in file [C:\Users\alton\eclipse-workspace\springboot-mvc\target\classes\com\example\demo\controller\ApiController.class]: Failed to instantiate [com.example.demo.controller.ApiController]: Constructor threw exception
2025-05-12T02:48:07.301+08:00  INFO 33568 --- [springboot-mvc] [main] o.apache.catalina.core.StandardService   : Stopping service [Tomcat]
2025-05-12T02:48:07.314+08:00  INFO 33568 --- [springboot-mvc] [main] .s.b.a.l.ConditionEvaluationReportLogger : 

Error starting ApplicationContext. To display the condition evaluation report re-run your application with 'debug' enabled.
2025-05-12T02:48:07.326+08:00 ERROR 33568 --- [springboot-mvc] [main] o.s.boot.SpringApplication               : Application run failed

org.springframework.beans.factory.BeanCreationException: Error creating bean with name 'apiController' defined in file [C:\Users\alton\eclipse-workspace\springboot-mvc\target\classes\com\example\demo\controller\ApiController.class]: Failed to instantiate [com.example.demo.controller.ApiController]: Constructor threw exception
	at org.springframework.beans.factory.support.AbstractAutowireCapableBeanFactory.instantiateBean(AbstractAutowireCapableBeanFactory.java:1349) ~[spring-beans-6.2.6.jar:6.2.6]
	at org.springframework.beans.factory.support.AbstractAutowireCapableBeanFactory.createBeanInstance(AbstractAutowireCapableBeanFactory.java:1234) ~[spring-beans-6.2.6.jar:6.2.6]
	at org.springframework.beans.factory.support.AbstractAutowireCapableBeanFactory.doCreateBean(AbstractAutowireCapableBeanFactory.java:569) ~[spring-beans-6.2.6.jar:6.2.6]
	at org.springframework.beans.factory.support.AbstractAutowireCapableBeanFactory.createBean(AbstractAutowireCapableBeanFactory.java:529) ~[spring-beans-6.2.6.jar:6.2.6]
	at org.springframework.beans.factory.support.AbstractBeanFactory.lambda$doGetBean$0(AbstractBeanFactory.java:339) ~[spring-beans-6.2.6.jar:6.2.6]
	at org.springframework.beans.factory.support.DefaultSingletonBeanRegistry.getSingleton(DefaultSingletonBeanRegistry.java:371) ~[spring-beans-6.2.6.jar:6.2.6]
	at org.springframework.beans.factory.support.AbstractBeanFactory.doGetBean(AbstractBeanFactory.java:337) ~[spring-beans-6.2.6.jar:6.2.6]
	at org.springframework.beans.factory.support.AbstractBeanFactory.getBean(AbstractBeanFactory.java:202) ~[spring-beans-6.2.6.jar:6.2.6]
	at org.springframework.beans.factory.support.DefaultListableBeanFactory.instantiateSingleton(DefaultListableBeanFactory.java:1221) ~[spring-beans-6.2.6.jar:6.2.6]
	at org.springframework.beans.factory.support.DefaultListableBeanFactory.preInstantiateSingleton(DefaultListableBeanFactory.java:1187) ~[spring-beans-6.2.6.jar:6.2.6]
	at org.springframework.beans.factory.support.DefaultListableBeanFactory.preInstantiateSingletons(DefaultListableBeanFactory.java:1122) ~[spring-beans-6.2.6.jar:6.2.6]
	at org.springframework.context.support.AbstractApplicationContext.finishBeanFactoryInitialization(AbstractApplicationContext.java:987) ~[spring-context-6.2.6.jar:6.2.6]
	at org.springframework.context.support.AbstractApplicationContext.refresh(AbstractApplicationContext.java:627) ~[spring-context-6.2.6.jar:6.2.6]
	at org.springframework.boot.web.servlet.context.ServletWebServerApplicationContext.refresh(ServletWebServerApplicationContext.java:146) ~[spring-boot-3.4.5.jar:3.4.5]
	at org.springframework.boot.SpringApplication.refresh(SpringApplication.java:753) ~[spring-boot-3.4.5.jar:3.4.5]
	at org.springframework.boot.SpringApplication.refreshContext(SpringApplication.java:439) ~[spring-boot-3.4.5.jar:3.4.5]
	at org.springframework.boot.SpringApplication.run(SpringApplication.java:318) ~[spring-boot-3.4.5.jar:3.4.5]
	at org.springframework.boot.SpringApplication.run(SpringApplication.java:1362) ~[spring-boot-3.4.5.jar:3.4.5]
	at org.springframework.boot.SpringApplication.run(SpringApplication.java:1351) ~[spring-boot-3.4.5.jar:3.4.5]
	at com.example.demo.SpringbootMvcApplication.main(SpringbootMvcApplication.java:10) ~[classes/:na]
Caused by: org.springframework.beans.BeanInstantiationException: Failed to instantiate [com.example.demo.controller.ApiController]: Constructor threw exception
	at org.springframework.beans.BeanUtils.instantiateClass(BeanUtils.java:222) ~[spring-beans-6.2.6.jar:6.2.6]
	at org.springframework.beans.factory.support.SimpleInstantiationStrategy.instantiate(SimpleInstantiationStrategy.java:122) ~[spring-beans-6.2.6.jar:6.2.6]
	at org.springframework.beans.factory.support.AbstractAutowireCapableBeanFactory.instantiateBean(AbstractAutowireCapableBeanFactory.java:1343) ~[spring-beans-6.2.6.jar:6.2.6]
	... 19 common frames omitted
Caused by: java.lang.Error: Unresolved compilation problems: 
	The method setId(int) is undefined for the type Book
	The method of(E, E, E, E) in the type List is not applicable for the arguments (Book, Book, Book, Book)
	The constructor Book(int, String, double, int, boolean) is undefined
	The constructor Book(int, String, double, int, boolean) is undefined
	The constructor Book(int, String, double, int, boolean) is undefined
	The constructor Book(int, String, double, int, boolean) is undefined
	Optional cannot be resolved to a type
	The method getId() is undefined for the type Book
	The method of(E, E, E, E) in the type List is not applicable for the arguments (Book, Book, Book, Book)
	The constructor Book(int, String, double, int, boolean) is undefined
	The constructor Book(int, String, double, int, boolean) is undefined
	The constructor Book(int, String, double, int, boolean) is undefined
	The constructor Book(int, String, double, int, boolean) is undefined

	at com.example.demo.controller.ApiController.<init>(ApiController.java:126) ~[classes/:na]
	at java.base/jdk.internal.reflect.DirectConstructorHandleAccessor.newInstance(DirectConstructorHandleAccessor.java:62) ~[na:na]
	at java.base/java.lang.reflect.Constructor.newInstanceWithCaller(Constructor.java:502) ~[na:na]
	at java.base/java.lang.reflect.Constructor.newInstance(Constructor.java:486) ~[na:na]
	at org.springframework.beans.BeanUtils.instantiateClass(BeanUtils.java:196) ~[spring-beans-6.2.6.jar:6.2.6]
	... 21 common frames omitted

2025-05-12T02:48:31.498+08:00  INFO 14752 --- [springboot-mvc] [main] c.example.demo.SpringbootMvcApplication  : Starting SpringbootMvcApplication using Java 21.0.6 with PID 14752 (C:\Users\alton\eclipse-workspace\springboot-mvc\target\classes started by alton in C:\Users\alton\eclipse-workspace\springboot-mvc)
2025-05-12T02:48:31.500+08:00  INFO 14752 --- [springboot-mvc] [main] c.example.demo.SpringbootMvcApplication  : No active profile set, falling back to 1 default profile: "default"
2025-05-12T02:48:31.915+08:00  INFO 14752 --- [springboot-mvc] [main] .s.d.r.c.RepositoryConfigurationDelegate : Bootstrapping Spring Data JDBC repositories in DEFAULT mode.
2025-05-12T02:48:31.928+08:00  INFO 14752 --- [springboot-mvc] [main] .s.d.r.c.RepositoryConfigurationDelegate : Finished Spring Data repository scanning in 9 ms. Found 0 JDBC repository interfaces.
2025-05-12T02:48:32.218+08:00  INFO 14752 --- [springboot-mvc] [main] o.s.b.w.embedded.tomcat.TomcatWebServer  : Tomcat initialized with port 8080 (http)
2025-05-12T02:48:32.230+08:00  INFO 14752 --- [springboot-mvc] [main] o.apache.catalina.core.StandardService   : Starting service [Tomcat]
2025-05-12T02:48:32.230+08:00  INFO 14752 --- [springboot-mvc] [main] o.apache.catalina.core.StandardEngine    : Starting Servlet engine: [Apache Tomcat/10.1.40]
2025-05-12T02:48:32.477+08:00  INFO 14752 --- [springboot-mvc] [main] org.apache.jasper.servlet.TldScanner     : At least one JAR was scanned for TLDs yet contained no TLDs. Enable debug logging for this logger for a complete list of JARs that were scanned but no TLDs were found in them. Skipping unneeded JARs during scanning can improve startup time and JSP compilation time.
2025-05-12T02:48:32.484+08:00  INFO 14752 --- [springboot-mvc] [main] o.a.c.c.C.[Tomcat].[localhost].[/]       : Initializing Spring embedded WebApplicationContext
2025-05-12T02:48:32.485+08:00  INFO 14752 --- [springboot-mvc] [main] w.s.c.ServletWebServerApplicationContext : Root WebApplicationContext: initialization completed in 954 ms
2025-05-12T02:48:32.578+08:00  INFO 14752 --- [springboot-mvc] [main] o.s.b.a.w.s.WelcomePageHandlerMapping    : Adding welcome page: class path resource [static/index.html]
2025-05-12T02:48:32.854+08:00  INFO 14752 --- [springboot-mvc] [main] com.zaxxer.hikari.HikariDataSource       : HikariPool-1 - Starting...
2025-05-12T02:48:32.984+08:00  INFO 14752 --- [springboot-mvc] [main] com.zaxxer.hikari.pool.HikariPool        : HikariPool-1 - Added connection com.mysql.cj.jdbc.ConnectionImpl@22a6d75c
2025-05-12T02:48:32.986+08:00  INFO 14752 --- [springboot-mvc] [main] com.zaxxer.hikari.HikariDataSource       : HikariPool-1 - Start completed.
2025-05-12T02:48:33.134+08:00  INFO 14752 --- [springboot-mvc] [main] o.s.b.w.embedded.tomcat.TomcatWebServer  : Tomcat started on port 8080 (http) with context path '/'
2025-05-12T02:48:33.141+08:00  INFO 14752 --- [springboot-mvc] [main] c.example.demo.SpringbootMvcApplication  : Started SpringbootMvcApplication in 1.944 seconds (process running for 2.387)
2025-05-12T02:48:39.292+08:00  INFO 14752 --- [springboot-mvc] [http-nio-8080-exec-1] o.a.c.c.C.[Tomcat].[localhost].[/]       : Initializing Spring DispatcherServlet 'dispatcherServlet'
2025-05-12T02:48:39.292+08:00  INFO 14752 --- [springboot-mvc] [http-nio-8080-exec-1] o.s.web.servlet.DispatcherServlet        : Initializing Servlet 'dispatcherServlet'
2025-05-12T02:48:39.293+08:00  INFO 14752 --- [springboot-mvc] [http-nio-8080-exec-1] o.s.web.servlet.DispatcherServlet        : Completed initialization in 1 ms
2025-05-12T02:49:56.754+08:00  INFO 14752 --- [springboot-mvc] [http-nio-8080-exec-6] o.apache.coyote.http11.Http11Processor   : Error parsing HTTP request header
 Note: further occurrences of HTTP request parsing errors will be logged at DEBUG level.

java.lang.IllegalArgumentException: Invalid character found in the request target [/api/book?name=[Math,ENG]&price=12.5&amount=10&pub=true ]. The valid characters are defined in RFC 7230 and RFC 3986
	at org.apache.coyote.http11.Http11InputBuffer.parseRequestLine(Http11InputBuffer.java:478) ~[tomcat-embed-core-10.1.40.jar:10.1.40]
	at org.apache.coyote.http11.Http11Processor.service(Http11Processor.java:271) ~[tomcat-embed-core-10.1.40.jar:10.1.40]
	at org.apache.coyote.AbstractProcessorLight.process(AbstractProcessorLight.java:63) ~[tomcat-embed-core-10.1.40.jar:10.1.40]
	at org.apache.coyote.AbstractProtocol$ConnectionHandler.process(AbstractProtocol.java:903) ~[tomcat-embed-core-10.1.40.jar:10.1.40]
	at org.apache.tomcat.util.net.NioEndpoint$SocketProcessor.doRun(NioEndpoint.java:1740) ~[tomcat-embed-core-10.1.40.jar:10.1.40]
	at org.apache.tomcat.util.net.SocketProcessorBase.run(SocketProcessorBase.java:52) ~[tomcat-embed-core-10.1.40.jar:10.1.40]
	at org.apache.tomcat.util.threads.ThreadPoolExecutor.runWorker(ThreadPoolExecutor.java:1189) ~[tomcat-embed-core-10.1.40.jar:10.1.40]
	at org.apache.tomcat.util.threads.ThreadPoolExecutor$Worker.run(ThreadPoolExecutor.java:658) ~[tomcat-embed-core-10.1.40.jar:10.1.40]
	at org.apache.tomcat.util.threads.TaskThread$WrappingRunnable.run(TaskThread.java:63) ~[tomcat-embed-core-10.1.40.jar:10.1.40]
	at java.base/java.lang.Thread.run(Thread.java:1583) ~[na:na]

2025-05-12T02:55:52.544+08:00  INFO 14752 --- [springboot-mvc] [RMI TCP Connection(17)-127.0.0.1] inMXBeanRegistrar$SpringApplicationAdmin : Application shutdown requested.
2025-05-12T02:55:52.547+08:00  INFO 14752 --- [springboot-mvc] [RMI TCP Connection(17)-127.0.0.1] o.s.b.w.e.tomcat.GracefulShutdown        : Commencing graceful shutdown. Waiting for active requests to complete
2025-05-12T02:55:52.552+08:00  INFO 14752 --- [springboot-mvc] [tomcat-shutdown] o.s.b.w.e.tomcat.GracefulShutdown        : Graceful shutdown complete
2025-05-12T02:55:52.554+08:00  INFO 14752 --- [springboot-mvc] [RMI TCP Connection(17)-127.0.0.1] com.zaxxer.hikari.HikariDataSource       : HikariPool-1 - Shutdown initiated...
2025-05-12T02:55:52.569+08:00  INFO 14752 --- [springboot-mvc] [RMI TCP Connection(17)-127.0.0.1] com.zaxxer.hikari.HikariDataSource       : HikariPool-1 - Shutdown completed.
2025-05-12T02:55:54.285+08:00  INFO 8580 --- [springboot-mvc] [main] c.example.demo.SpringbootMvcApplication  : Starting SpringbootMvcApplication using Java 21.0.6 with PID 8580 (C:\Users\alton\eclipse-workspace\springboot-mvc\target\classes started by alton in C:\Users\alton\eclipse-workspace\springboot-mvc)
2025-05-12T02:55:54.287+08:00  INFO 8580 --- [springboot-mvc] [main] c.example.demo.SpringbootMvcApplication  : No active profile set, falling back to 1 default profile: "default"
2025-05-12T02:55:54.675+08:00  INFO 8580 --- [springboot-mvc] [main] .s.d.r.c.RepositoryConfigurationDelegate : Bootstrapping Spring Data JDBC repositories in DEFAULT mode.
2025-05-12T02:55:54.688+08:00  INFO 8580 --- [springboot-mvc] [main] .s.d.r.c.RepositoryConfigurationDelegate : Finished Spring Data repository scanning in 9 ms. Found 0 JDBC repository interfaces.
2025-05-12T02:55:54.959+08:00  INFO 8580 --- [springboot-mvc] [main] o.s.b.w.embedded.tomcat.TomcatWebServer  : Tomcat initialized with port 8080 (http)
2025-05-12T02:55:54.970+08:00  INFO 8580 --- [springboot-mvc] [main] o.apache.catalina.core.StandardService   : Starting service [Tomcat]
2025-05-12T02:55:54.971+08:00  INFO 8580 --- [springboot-mvc] [main] o.apache.catalina.core.StandardEngine    : Starting Servlet engine: [Apache Tomcat/10.1.40]
2025-05-12T02:55:55.119+08:00  INFO 8580 --- [springboot-mvc] [main] org.apache.jasper.servlet.TldScanner     : At least one JAR was scanned for TLDs yet contained no TLDs. Enable debug logging for this logger for a complete list of JARs that were scanned but no TLDs were found in them. Skipping unneeded JARs during scanning can improve startup time and JSP compilation time.
2025-05-12T02:55:55.124+08:00  INFO 8580 --- [springboot-mvc] [main] o.a.c.c.C.[Tomcat].[localhost].[/]       : Initializing Spring embedded WebApplicationContext
2025-05-12T02:55:55.124+08:00  INFO 8580 --- [springboot-mvc] [main] w.s.c.ServletWebServerApplicationContext : Root WebApplicationContext: initialization completed in 810 ms
2025-05-12T02:55:55.197+08:00  INFO 8580 --- [springboot-mvc] [main] o.s.b.a.w.s.WelcomePageHandlerMapping    : Adding welcome page: class path resource [static/index.html]
2025-05-12T02:55:55.409+08:00  INFO 8580 --- [springboot-mvc] [main] com.zaxxer.hikari.HikariDataSource       : HikariPool-1 - Starting...
2025-05-12T02:55:55.528+08:00  INFO 8580 --- [springboot-mvc] [main] com.zaxxer.hikari.pool.HikariPool        : HikariPool-1 - Added connection com.mysql.cj.jdbc.ConnectionImpl@615db358
2025-05-12T02:55:55.529+08:00  INFO 8580 --- [springboot-mvc] [main] com.zaxxer.hikari.HikariDataSource       : HikariPool-1 - Start completed.
2025-05-12T02:55:55.657+08:00  INFO 8580 --- [springboot-mvc] [main] o.s.b.w.embedded.tomcat.TomcatWebServer  : Tomcat started on port 8080 (http) with context path '/'
2025-05-12T02:55:55.664+08:00  INFO 8580 --- [springboot-mvc] [main] c.example.demo.SpringbootMvcApplication  : Started SpringbootMvcApplication in 1.67 seconds (process running for 2.148)
2025-05-12T02:57:07.410+08:00  INFO 8580 --- [springboot-mvc] [http-nio-8080-exec-1] o.a.c.c.C.[Tomcat].[localhost].[/]       : Initializing Spring DispatcherServlet 'dispatcherServlet'
2025-05-12T02:57:07.410+08:00  INFO 8580 --- [springboot-mvc] [http-nio-8080-exec-1] o.s.web.servlet.DispatcherServlet        : Initializing Servlet 'dispatcherServlet'
2025-05-12T02:57:07.411+08:00  INFO 8580 --- [springboot-mvc] [http-nio-8080-exec-1] o.s.web.servlet.DispatcherServlet        : Completed initialization in 1 ms
2025-05-12T03:07:20.825+08:00  INFO 8580 --- [springboot-mvc] [RMI TCP Connection(19)-127.0.0.1] inMXBeanRegistrar$SpringApplicationAdmin : Application shutdown requested.
2025-05-12T03:07:20.827+08:00  INFO 8580 --- [springboot-mvc] [RMI TCP Connection(19)-127.0.0.1] o.s.b.w.e.tomcat.GracefulShutdown        : Commencing graceful shutdown. Waiting for active requests to complete
2025-05-12T03:07:20.832+08:00  INFO 8580 --- [springboot-mvc] [tomcat-shutdown] o.s.b.w.e.tomcat.GracefulShutdown        : Graceful shutdown complete
2025-05-12T03:07:20.834+08:00  INFO 8580 --- [springboot-mvc] [RMI TCP Connection(19)-127.0.0.1] com.zaxxer.hikari.HikariDataSource       : HikariPool-1 - Shutdown initiated...
2025-05-12T03:07:20.841+08:00  INFO 8580 --- [springboot-mvc] [RMI TCP Connection(19)-127.0.0.1] com.zaxxer.hikari.HikariDataSource       : HikariPool-1 - Shutdown completed.
2025-05-12T03:07:22.429+08:00  INFO 32996 --- [springboot-mvc] [main] c.example.demo.SpringbootMvcApplication  : Starting SpringbootMvcApplication using Java 21.0.6 with PID 32996 (C:\Users\alton\eclipse-workspace\springboot-mvc\target\classes started by alton in C:\Users\alton\eclipse-workspace\springboot-mvc)
2025-05-12T03:07:22.431+08:00  INFO 32996 --- [springboot-mvc] [main] c.example.demo.SpringbootMvcApplication  : No active profile set, falling back to 1 default profile: "default"
2025-05-12T03:07:22.866+08:00  INFO 32996 --- [springboot-mvc] [main] .s.d.r.c.RepositoryConfigurationDelegate : Bootstrapping Spring Data JDBC repositories in DEFAULT mode.
2025-05-12T03:07:22.883+08:00  INFO 32996 --- [springboot-mvc] [main] .s.d.r.c.RepositoryConfigurationDelegate : Finished Spring Data repository scanning in 11 ms. Found 0 JDBC repository interfaces.
2025-05-12T03:07:23.197+08:00  INFO 32996 --- [springboot-mvc] [main] o.s.b.w.embedded.tomcat.TomcatWebServer  : Tomcat initialized with port 8080 (http)
2025-05-12T03:07:23.212+08:00  INFO 32996 --- [springboot-mvc] [main] o.apache.catalina.core.StandardService   : Starting service [Tomcat]
2025-05-12T03:07:23.213+08:00  INFO 32996 --- [springboot-mvc] [main] o.apache.catalina.core.StandardEngine    : Starting Servlet engine: [Apache Tomcat/10.1.40]
2025-05-12T03:07:23.386+08:00  INFO 32996 --- [springboot-mvc] [main] org.apache.jasper.servlet.TldScanner     : At least one JAR was scanned for TLDs yet contained no TLDs. Enable debug logging for this logger for a complete list of JARs that were scanned but no TLDs were found in them. Skipping unneeded JARs during scanning can improve startup time and JSP compilation time.
2025-05-12T03:07:23.393+08:00  INFO 32996 --- [springboot-mvc] [main] o.a.c.c.C.[Tomcat].[localhost].[/]       : Initializing Spring embedded WebApplicationContext
2025-05-12T03:07:23.393+08:00  INFO 32996 --- [springboot-mvc] [main] w.s.c.ServletWebServerApplicationContext : Root WebApplicationContext: initialization completed in 932 ms
2025-05-12T03:07:23.474+08:00  INFO 32996 --- [springboot-mvc] [main] o.s.b.a.w.s.WelcomePageHandlerMapping    : Adding welcome page: class path resource [static/index.html]
2025-05-12T03:07:23.711+08:00  INFO 32996 --- [springboot-mvc] [main] com.zaxxer.hikari.HikariDataSource       : HikariPool-1 - Starting...
2025-05-12T03:07:23.832+08:00  INFO 32996 --- [springboot-mvc] [main] com.zaxxer.hikari.pool.HikariPool        : HikariPool-1 - Added connection com.mysql.cj.jdbc.ConnectionImpl@256bb5be
2025-05-12T03:07:23.834+08:00  INFO 32996 --- [springboot-mvc] [main] com.zaxxer.hikari.HikariDataSource       : HikariPool-1 - Start completed.
2025-05-12T03:07:23.969+08:00  INFO 32996 --- [springboot-mvc] [main] o.s.b.w.embedded.tomcat.TomcatWebServer  : Tomcat started on port 8080 (http) with context path '/'
2025-05-12T03:07:23.975+08:00  INFO 32996 --- [springboot-mvc] [main] c.example.demo.SpringbootMvcApplication  : Started SpringbootMvcApplication in 1.869 seconds (process running for 2.327)
2025-05-12T03:07:26.811+08:00  INFO 32996 --- [springboot-mvc] [http-nio-8080-exec-1] o.a.c.c.C.[Tomcat].[localhost].[/]       : Initializing Spring DispatcherServlet 'dispatcherServlet'
2025-05-12T03:07:26.811+08:00  INFO 32996 --- [springboot-mvc] [http-nio-8080-exec-1] o.s.web.servlet.DispatcherServlet        : Initializing Servlet 'dispatcherServlet'
2025-05-12T03:07:26.812+08:00  INFO 32996 --- [springboot-mvc] [http-nio-8080-exec-1] o.s.web.servlet.DispatcherServlet        : Completed initialization in 1 ms
2025-05-12T03:08:05.190+08:00  INFO 32996 --- [springboot-mvc] [RMI TCP Connection(9)-127.0.0.1] inMXBeanRegistrar$SpringApplicationAdmin : Application shutdown requested.
2025-05-12T03:08:05.192+08:00  INFO 32996 --- [springboot-mvc] [RMI TCP Connection(9)-127.0.0.1] o.s.b.w.e.tomcat.GracefulShutdown        : Commencing graceful shutdown. Waiting for active requests to complete
2025-05-12T03:08:05.196+08:00  INFO 32996 --- [springboot-mvc] [tomcat-shutdown] o.s.b.w.e.tomcat.GracefulShutdown        : Graceful shutdown complete
2025-05-12T03:08:05.198+08:00  INFO 32996 --- [springboot-mvc] [RMI TCP Connection(9)-127.0.0.1] com.zaxxer.hikari.HikariDataSource       : HikariPool-1 - Shutdown initiated...
2025-05-12T03:08:05.204+08:00  INFO 32996 --- [springboot-mvc] [RMI TCP Connection(9)-127.0.0.1] com.zaxxer.hikari.HikariDataSource       : HikariPool-1 - Shutdown completed.
2025-05-12T03:08:06.871+08:00  INFO 13464 --- [springboot-mvc] [main] c.example.demo.SpringbootMvcApplication  : Starting SpringbootMvcApplication using Java 21.0.6 with PID 13464 (C:\Users\alton\eclipse-workspace\springboot-mvc\target\classes started by alton in C:\Users\alton\eclipse-workspace\springboot-mvc)
2025-05-12T03:08:06.873+08:00  INFO 13464 --- [springboot-mvc] [main] c.example.demo.SpringbootMvcApplication  : No active profile set, falling back to 1 default profile: "default"
2025-05-12T03:08:07.275+08:00  INFO 13464 --- [springboot-mvc] [main] .s.d.r.c.RepositoryConfigurationDelegate : Bootstrapping Spring Data JDBC repositories in DEFAULT mode.
2025-05-12T03:08:07.289+08:00  INFO 13464 --- [springboot-mvc] [main] .s.d.r.c.RepositoryConfigurationDelegate : Finished Spring Data repository scanning in 9 ms. Found 0 JDBC repository interfaces.
2025-05-12T03:08:07.563+08:00  INFO 13464 --- [springboot-mvc] [main] o.s.b.w.embedded.tomcat.TomcatWebServer  : Tomcat initialized with port 8080 (http)
2025-05-12T03:08:07.576+08:00  INFO 13464 --- [springboot-mvc] [main] o.apache.catalina.core.StandardService   : Starting service [Tomcat]
2025-05-12T03:08:07.576+08:00  INFO 13464 --- [springboot-mvc] [main] o.apache.catalina.core.StandardEngine    : Starting Servlet engine: [Apache Tomcat/10.1.40]
2025-05-12T03:08:07.731+08:00  INFO 13464 --- [springboot-mvc] [main] org.apache.jasper.servlet.TldScanner     : At least one JAR was scanned for TLDs yet contained no TLDs. Enable debug logging for this logger for a complete list of JARs that were scanned but no TLDs were found in them. Skipping unneeded JARs during scanning can improve startup time and JSP compilation time.
2025-05-12T03:08:07.737+08:00  INFO 13464 --- [springboot-mvc] [main] o.a.c.c.C.[Tomcat].[localhost].[/]       : Initializing Spring embedded WebApplicationContext
2025-05-12T03:08:07.738+08:00  INFO 13464 --- [springboot-mvc] [main] w.s.c.ServletWebServerApplicationContext : Root WebApplicationContext: initialization completed in 833 ms
2025-05-12T03:08:07.811+08:00  INFO 13464 --- [springboot-mvc] [main] o.s.b.a.w.s.WelcomePageHandlerMapping    : Adding welcome page: class path resource [static/index.html]
2025-05-12T03:08:08.025+08:00  INFO 13464 --- [springboot-mvc] [main] com.zaxxer.hikari.HikariDataSource       : HikariPool-1 - Starting...
2025-05-12T03:08:08.139+08:00  INFO 13464 --- [springboot-mvc] [main] com.zaxxer.hikari.pool.HikariPool        : HikariPool-1 - Added connection com.mysql.cj.jdbc.ConnectionImpl@543fe698
2025-05-12T03:08:08.141+08:00  INFO 13464 --- [springboot-mvc] [main] com.zaxxer.hikari.HikariDataSource       : HikariPool-1 - Start completed.
2025-05-12T03:08:08.270+08:00  INFO 13464 --- [springboot-mvc] [main] o.s.b.w.embedded.tomcat.TomcatWebServer  : Tomcat started on port 8080 (http) with context path '/'
2025-05-12T03:08:08.276+08:00  INFO 13464 --- [springboot-mvc] [main] c.example.demo.SpringbootMvcApplication  : Started SpringbootMvcApplication in 1.737 seconds (process running for 2.234)
2025-05-12T03:08:11.469+08:00  INFO 13464 --- [springboot-mvc] [http-nio-8080-exec-2] o.a.c.c.C.[Tomcat].[localhost].[/]       : Initializing Spring DispatcherServlet 'dispatcherServlet'
2025-05-12T03:08:11.469+08:00  INFO 13464 --- [springboot-mvc] [http-nio-8080-exec-2] o.s.web.servlet.DispatcherServlet        : Initializing Servlet 'dispatcherServlet'
2025-05-12T03:08:11.470+08:00  INFO 13464 --- [springboot-mvc] [http-nio-8080-exec-2] o.s.web.servlet.DispatcherServlet        : Completed initialization in 0 ms
2025-05-12T03:14:37.221+08:00  INFO 13464 --- [springboot-mvc] [RMI TCP Connection(16)-127.0.0.1] inMXBeanRegistrar$SpringApplicationAdmin : Application shutdown requested.
2025-05-12T03:14:37.223+08:00  INFO 13464 --- [springboot-mvc] [RMI TCP Connection(16)-127.0.0.1] o.s.b.w.e.tomcat.GracefulShutdown        : Commencing graceful shutdown. Waiting for active requests to complete
2025-05-12T03:14:37.230+08:00  INFO 13464 --- [springboot-mvc] [tomcat-shutdown] o.s.b.w.e.tomcat.GracefulShutdown        : Graceful shutdown complete
2025-05-12T03:14:37.233+08:00  INFO 13464 --- [springboot-mvc] [RMI TCP Connection(16)-127.0.0.1] com.zaxxer.hikari.HikariDataSource       : HikariPool-1 - Shutdown initiated...
2025-05-12T03:14:37.241+08:00  INFO 13464 --- [springboot-mvc] [RMI TCP Connection(16)-127.0.0.1] com.zaxxer.hikari.HikariDataSource       : HikariPool-1 - Shutdown completed.
2025-05-14T11:39:28.976+08:00  INFO 10372 --- [springboot-mvc] [main] c.example.demo.SpringbootMvcApplication  : Starting SpringbootMvcApplication using Java 21.0.6 with PID 10372 (C:\Users\NTPU\eclipse-workspace\springboot-mvc\target\classes started by NTPU in C:\Users\NTPU\eclipse-workspace\springboot-mvc)
2025-05-14T11:39:28.978+08:00  INFO 10372 --- [springboot-mvc] [main] c.example.demo.SpringbootMvcApplication  : No active profile set, falling back to 1 default profile: "default"
2025-05-14T11:39:29.340+08:00  INFO 10372 --- [springboot-mvc] [main] .s.d.r.c.RepositoryConfigurationDelegate : Bootstrapping Spring Data JDBC repositories in DEFAULT mode.
2025-05-14T11:39:29.356+08:00  INFO 10372 --- [springboot-mvc] [main] .s.d.r.c.RepositoryConfigurationDelegate : Finished Spring Data repository scanning in 11 ms. Found 0 JDBC repository interfaces.
2025-05-14T11:39:29.590+08:00  INFO 10372 --- [springboot-mvc] [main] o.s.b.w.embedded.tomcat.TomcatWebServer  : Tomcat initialized with port 8080 (http)
2025-05-14T11:39:29.599+08:00  INFO 10372 --- [springboot-mvc] [main] o.apache.catalina.core.StandardService   : Starting service [Tomcat]
2025-05-14T11:39:29.600+08:00  INFO 10372 --- [springboot-mvc] [main] o.apache.catalina.core.StandardEngine    : Starting Servlet engine: [Apache Tomcat/10.1.40]
2025-05-14T11:39:29.707+08:00  INFO 10372 --- [springboot-mvc] [main] org.apache.jasper.servlet.TldScanner     : At least one JAR was scanned for TLDs yet contained no TLDs. Enable debug logging for this logger for a complete list of JARs that were scanned but no TLDs were found in them. Skipping unneeded JARs during scanning can improve startup time and JSP compilation time.
2025-05-14T11:39:29.711+08:00  INFO 10372 --- [springboot-mvc] [main] o.a.c.c.C.[Tomcat].[localhost].[/]       : Initializing Spring embedded WebApplicationContext
2025-05-14T11:39:29.712+08:00  INFO 10372 --- [springboot-mvc] [main] w.s.c.ServletWebServerApplicationContext : Root WebApplicationContext: initialization completed in 711 ms
2025-05-14T11:39:29.744+08:00  WARN 10372 --- [springboot-mvc] [main] ConfigServletWebServerApplicationContext : Exception encountered during context initialization - cancelling refresh attempt: org.springframework.beans.factory.UnsatisfiedDependencyException: Error creating bean with name 'bookController': Unsatisfied dependency expressed through field 'bookService': No qualifying bean of type 'com.example.demo.service.BookService' available: expected at least 1 bean which qualifies as autowire candidate. Dependency annotations: {@org.springframework.beans.factory.annotation.Autowired(required=true)}
2025-05-14T11:39:29.746+08:00  INFO 10372 --- [springboot-mvc] [main] o.apache.catalina.core.StandardService   : Stopping service [Tomcat]
2025-05-14T11:39:29.755+08:00  INFO 10372 --- [springboot-mvc] [main] .s.b.a.l.ConditionEvaluationReportLogger : 

Error starting ApplicationContext. To display the condition evaluation report re-run your application with 'debug' enabled.
2025-05-14T11:39:29.768+08:00 ERROR 10372 --- [springboot-mvc] [main] o.s.b.d.LoggingFailureAnalysisReporter   : 

***************************
APPLICATION FAILED TO START
***************************

Description:

Field bookService in com.example.demo.controller.BookController required a bean of type 'com.example.demo.service.BookService' that could not be found.

The injection point has the following annotations:
	- @org.springframework.beans.factory.annotation.Autowired(required=true)


Action:

Consider defining a bean of type 'com.example.demo.service.BookService' in your configuration.

2025-05-14T11:43:58.185+08:00  INFO 2908 --- [springboot-mvc] [main] c.example.demo.SpringbootMvcApplication  : Starting SpringbootMvcApplication using Java 21.0.6 with PID 2908 (C:\Users\NTPU\eclipse-workspace\springboot-mvc\target\classes started by NTPU in C:\Users\NTPU\eclipse-workspace\springboot-mvc)
2025-05-14T11:43:58.186+08:00  INFO 2908 --- [springboot-mvc] [main] c.example.demo.SpringbootMvcApplication  : No active profile set, falling back to 1 default profile: "default"
2025-05-14T11:43:58.470+08:00  INFO 2908 --- [springboot-mvc] [main] .s.d.r.c.RepositoryConfigurationDelegate : Bootstrapping Spring Data JDBC repositories in DEFAULT mode.
2025-05-14T11:43:58.480+08:00  INFO 2908 --- [springboot-mvc] [main] .s.d.r.c.RepositoryConfigurationDelegate : Finished Spring Data repository scanning in 7 ms. Found 0 JDBC repository interfaces.
2025-05-14T11:43:58.676+08:00  INFO 2908 --- [springboot-mvc] [main] o.s.b.w.embedded.tomcat.TomcatWebServer  : Tomcat initialized with port 8080 (http)
2025-05-14T11:43:58.684+08:00  INFO 2908 --- [springboot-mvc] [main] o.apache.catalina.core.StandardService   : Starting service [Tomcat]
2025-05-14T11:43:58.684+08:00  INFO 2908 --- [springboot-mvc] [main] o.apache.catalina.core.StandardEngine    : Starting Servlet engine: [Apache Tomcat/10.1.40]
2025-05-14T11:43:58.782+08:00  INFO 2908 --- [springboot-mvc] [main] org.apache.jasper.servlet.TldScanner     : At least one JAR was scanned for TLDs yet contained no TLDs. Enable debug logging for this logger for a complete list of JARs that were scanned but no TLDs were found in them. Skipping unneeded JARs during scanning can improve startup time and JSP compilation time.
2025-05-14T11:43:58.786+08:00  INFO 2908 --- [springboot-mvc] [main] o.a.c.c.C.[Tomcat].[localhost].[/]       : Initializing Spring embedded WebApplicationContext
2025-05-14T11:43:58.786+08:00  INFO 2908 --- [springboot-mvc] [main] w.s.c.ServletWebServerApplicationContext : Root WebApplicationContext: initialization completed in 579 ms
2025-05-14T11:43:58.887+08:00  INFO 2908 --- [springboot-mvc] [main] o.s.b.a.w.s.WelcomePageHandlerMapping    : Adding welcome page: class path resource [static/index.html]
2025-05-14T11:43:59.060+08:00  INFO 2908 --- [springboot-mvc] [main] com.zaxxer.hikari.HikariDataSource       : HikariPool-1 - Starting...
2025-05-14T11:43:59.165+08:00  INFO 2908 --- [springboot-mvc] [main] com.zaxxer.hikari.pool.HikariPool        : HikariPool-1 - Added connection com.mysql.cj.jdbc.ConnectionImpl@33e3bd2e
2025-05-14T11:43:59.166+08:00  INFO 2908 --- [springboot-mvc] [main] com.zaxxer.hikari.HikariDataSource       : HikariPool-1 - Start completed.
2025-05-14T11:43:59.267+08:00  INFO 2908 --- [springboot-mvc] [main] o.s.b.w.embedded.tomcat.TomcatWebServer  : Tomcat started on port 8080 (http) with context path '/'
2025-05-14T11:43:59.272+08:00  INFO 2908 --- [springboot-mvc] [main] c.example.demo.SpringbootMvcApplication  : Started SpringbootMvcApplication in 1.293 seconds (process running for 1.581)
2025-05-14T11:44:04.465+08:00  INFO 2908 --- [springboot-mvc] [http-nio-8080-exec-1] o.a.c.c.C.[Tomcat].[localhost].[/]       : Initializing Spring DispatcherServlet 'dispatcherServlet'
2025-05-14T11:44:04.466+08:00  INFO 2908 --- [springboot-mvc] [http-nio-8080-exec-1] o.s.web.servlet.DispatcherServlet        : Initializing Servlet 'dispatcherServlet'
2025-05-14T11:44:04.466+08:00  INFO 2908 --- [springboot-mvc] [http-nio-8080-exec-1] o.s.web.servlet.DispatcherServlet        : Completed initialization in 0 ms
2025-05-14T11:50:05.744+08:00  INFO 2908 --- [springboot-mvc] [RMI TCP Connection(14)-127.0.0.1] inMXBeanRegistrar$SpringApplicationAdmin : Application shutdown requested.
2025-05-14T11:50:05.745+08:00  INFO 2908 --- [springboot-mvc] [RMI TCP Connection(14)-127.0.0.1] o.s.b.w.e.tomcat.GracefulShutdown        : Commencing graceful shutdown. Waiting for active requests to complete
2025-05-14T11:50:05.748+08:00  INFO 2908 --- [springboot-mvc] [tomcat-shutdown] o.s.b.w.e.tomcat.GracefulShutdown        : Graceful shutdown complete
2025-05-14T11:50:05.749+08:00  INFO 2908 --- [springboot-mvc] [RMI TCP Connection(14)-127.0.0.1] com.zaxxer.hikari.HikariDataSource       : HikariPool-1 - Shutdown initiated...
2025-05-14T11:50:05.753+08:00  INFO 2908 --- [springboot-mvc] [RMI TCP Connection(14)-127.0.0.1] com.zaxxer.hikari.HikariDataSource       : HikariPool-1 - Shutdown completed.
2025-05-14T11:50:06.992+08:00  INFO 13196 --- [springboot-mvc] [main] c.example.demo.SpringbootMvcApplication  : Starting SpringbootMvcApplication using Java 21.0.6 with PID 13196 (C:\Users\NTPU\eclipse-workspace\springboot-mvc\target\classes started by NTPU in C:\Users\NTPU\eclipse-workspace\springboot-mvc)
2025-05-14T11:50:06.993+08:00  INFO 13196 --- [springboot-mvc] [main] c.example.demo.SpringbootMvcApplication  : No active profile set, falling back to 1 default profile: "default"
2025-05-14T11:50:07.285+08:00  INFO 13196 --- [springboot-mvc] [main] .s.d.r.c.RepositoryConfigurationDelegate : Bootstrapping Spring Data JDBC repositories in DEFAULT mode.
2025-05-14T11:50:07.296+08:00  INFO 13196 --- [springboot-mvc] [main] .s.d.r.c.RepositoryConfigurationDelegate : Finished Spring Data repository scanning in 8 ms. Found 0 JDBC repository interfaces.
2025-05-14T11:50:07.501+08:00  INFO 13196 --- [springboot-mvc] [main] o.s.b.w.embedded.tomcat.TomcatWebServer  : Tomcat initialized with port 8080 (http)
2025-05-14T11:50:07.510+08:00  INFO 13196 --- [springboot-mvc] [main] o.apache.catalina.core.StandardService   : Starting service [Tomcat]
2025-05-14T11:50:07.510+08:00  INFO 13196 --- [springboot-mvc] [main] o.apache.catalina.core.StandardEngine    : Starting Servlet engine: [Apache Tomcat/10.1.40]
2025-05-14T11:50:07.612+08:00  INFO 13196 --- [springboot-mvc] [main] org.apache.jasper.servlet.TldScanner     : At least one JAR was scanned for TLDs yet contained no TLDs. Enable debug logging for this logger for a complete list of JARs that were scanned but no TLDs were found in them. Skipping unneeded JARs during scanning can improve startup time and JSP compilation time.
2025-05-14T11:50:07.616+08:00  INFO 13196 --- [springboot-mvc] [main] o.a.c.c.C.[Tomcat].[localhost].[/]       : Initializing Spring embedded WebApplicationContext
2025-05-14T11:50:07.616+08:00  INFO 13196 --- [springboot-mvc] [main] w.s.c.ServletWebServerApplicationContext : Root WebApplicationContext: initialization completed in 601 ms
2025-05-14T11:50:07.711+08:00  INFO 13196 --- [springboot-mvc] [main] o.s.b.a.w.s.WelcomePageHandlerMapping    : Adding welcome page: class path resource [static/index.html]
2025-05-14T11:50:07.871+08:00  INFO 13196 --- [springboot-mvc] [main] com.zaxxer.hikari.HikariDataSource       : HikariPool-1 - Starting...
2025-05-14T11:50:07.965+08:00  INFO 13196 --- [springboot-mvc] [main] com.zaxxer.hikari.pool.HikariPool        : HikariPool-1 - Added connection com.mysql.cj.jdbc.ConnectionImpl@66713605
2025-05-14T11:50:07.967+08:00  INFO 13196 --- [springboot-mvc] [main] com.zaxxer.hikari.HikariDataSource       : HikariPool-1 - Start completed.
2025-05-14T11:50:08.054+08:00  INFO 13196 --- [springboot-mvc] [main] o.s.b.w.embedded.tomcat.TomcatWebServer  : Tomcat started on port 8080 (http) with context path '/'
2025-05-14T11:50:08.058+08:00  INFO 13196 --- [springboot-mvc] [main] c.example.demo.SpringbootMvcApplication  : Started SpringbootMvcApplication in 1.277 seconds (process running for 1.565)
2025-05-14T11:52:12.159+08:00  INFO 13196 --- [springboot-mvc] [http-nio-8080-exec-1] o.a.c.c.C.[Tomcat].[localhost].[/]       : Initializing Spring DispatcherServlet 'dispatcherServlet'
2025-05-14T11:52:12.159+08:00  INFO 13196 --- [springboot-mvc] [http-nio-8080-exec-1] o.s.web.servlet.DispatcherServlet        : Initializing Servlet 'dispatcherServlet'
2025-05-14T11:52:12.160+08:00  INFO 13196 --- [springboot-mvc] [http-nio-8080-exec-1] o.s.web.servlet.DispatcherServlet        : Completed initialization in 1 ms
2025-05-14T12:00:58.453+08:00  INFO 13196 --- [springboot-mvc] [RMI TCP Connection(20)-127.0.0.1] inMXBeanRegistrar$SpringApplicationAdmin : Application shutdown requested.
2025-05-14T12:00:58.455+08:00  INFO 13196 --- [springboot-mvc] [RMI TCP Connection(20)-127.0.0.1] o.s.b.w.e.tomcat.GracefulShutdown        : Commencing graceful shutdown. Waiting for active requests to complete
2025-05-14T12:00:58.457+08:00  INFO 13196 --- [springboot-mvc] [tomcat-shutdown] o.s.b.w.e.tomcat.GracefulShutdown        : Graceful shutdown complete
2025-05-14T12:00:58.458+08:00  INFO 13196 --- [springboot-mvc] [RMI TCP Connection(20)-127.0.0.1] com.zaxxer.hikari.HikariDataSource       : HikariPool-1 - Shutdown initiated...
2025-05-14T12:00:58.462+08:00  INFO 13196 --- [springboot-mvc] [RMI TCP Connection(20)-127.0.0.1] com.zaxxer.hikari.HikariDataSource       : HikariPool-1 - Shutdown completed.
2025-05-14T12:00:59.692+08:00  INFO 10728 --- [springboot-mvc] [main] c.example.demo.SpringbootMvcApplication  : Starting SpringbootMvcApplication using Java 21.0.6 with PID 10728 (C:\Users\NTPU\eclipse-workspace\springboot-mvc\target\classes started by NTPU in C:\Users\NTPU\eclipse-workspace\springboot-mvc)
2025-05-14T12:00:59.693+08:00  INFO 10728 --- [springboot-mvc] [main] c.example.demo.SpringbootMvcApplication  : No active profile set, falling back to 1 default profile: "default"
2025-05-14T12:00:59.979+08:00  INFO 10728 --- [springboot-mvc] [main] .s.d.r.c.RepositoryConfigurationDelegate : Bootstrapping Spring Data JDBC repositories in DEFAULT mode.
2025-05-14T12:00:59.990+08:00  INFO 10728 --- [springboot-mvc] [main] .s.d.r.c.RepositoryConfigurationDelegate : Finished Spring Data repository scanning in 8 ms. Found 0 JDBC repository interfaces.
2025-05-14T12:01:00.193+08:00  INFO 10728 --- [springboot-mvc] [main] o.s.b.w.embedded.tomcat.TomcatWebServer  : Tomcat initialized with port 8080 (http)
2025-05-14T12:01:00.201+08:00  INFO 10728 --- [springboot-mvc] [main] o.apache.catalina.core.StandardService   : Starting service [Tomcat]
2025-05-14T12:01:00.201+08:00  INFO 10728 --- [springboot-mvc] [main] o.apache.catalina.core.StandardEngine    : Starting Servlet engine: [Apache Tomcat/10.1.40]
2025-05-14T12:01:00.302+08:00  INFO 10728 --- [springboot-mvc] [main] org.apache.jasper.servlet.TldScanner     : At least one JAR was scanned for TLDs yet contained no TLDs. Enable debug logging for this logger for a complete list of JARs that were scanned but no TLDs were found in them. Skipping unneeded JARs during scanning can improve startup time and JSP compilation time.
2025-05-14T12:01:00.305+08:00  INFO 10728 --- [springboot-mvc] [main] o.a.c.c.C.[Tomcat].[localhost].[/]       : Initializing Spring embedded WebApplicationContext
2025-05-14T12:01:00.305+08:00  INFO 10728 --- [springboot-mvc] [main] w.s.c.ServletWebServerApplicationContext : Root WebApplicationContext: initialization completed in 591 ms
2025-05-14T12:01:00.402+08:00  INFO 10728 --- [springboot-mvc] [main] o.s.b.a.w.s.WelcomePageHandlerMapping    : Adding welcome page: class path resource [static/index.html]
2025-05-14T12:01:00.560+08:00  INFO 10728 --- [springboot-mvc] [main] com.zaxxer.hikari.HikariDataSource       : HikariPool-1 - Starting...
2025-05-14T12:01:00.652+08:00  INFO 10728 --- [springboot-mvc] [main] com.zaxxer.hikari.pool.HikariPool        : HikariPool-1 - Added connection com.mysql.cj.jdbc.ConnectionImpl@374ccb9
2025-05-14T12:01:00.654+08:00  INFO 10728 --- [springboot-mvc] [main] com.zaxxer.hikari.HikariDataSource       : HikariPool-1 - Start completed.
2025-05-14T12:01:00.739+08:00  INFO 10728 --- [springboot-mvc] [main] o.s.b.w.embedded.tomcat.TomcatWebServer  : Tomcat started on port 8080 (http) with context path '/'
2025-05-14T12:01:00.742+08:00  INFO 10728 --- [springboot-mvc] [main] c.example.demo.SpringbootMvcApplication  : Started SpringbootMvcApplication in 1.258 seconds (process running for 1.545)
2025-05-14T12:01:03.698+08:00  INFO 10728 --- [springboot-mvc] [http-nio-8080-exec-1] o.a.c.c.C.[Tomcat].[localhost].[/]       : Initializing Spring DispatcherServlet 'dispatcherServlet'
2025-05-14T12:01:03.699+08:00  INFO 10728 --- [springboot-mvc] [http-nio-8080-exec-1] o.s.web.servlet.DispatcherServlet        : Initializing Servlet 'dispatcherServlet'
2025-05-14T12:01:03.699+08:00  INFO 10728 --- [springboot-mvc] [http-nio-8080-exec-1] o.s.web.servlet.DispatcherServlet        : Completed initialization in 0 ms
2025-05-14T12:08:39.901+08:00  INFO 10728 --- [springboot-mvc] [RMI TCP Connection(17)-127.0.0.1] inMXBeanRegistrar$SpringApplicationAdmin : Application shutdown requested.
2025-05-14T12:08:39.902+08:00  INFO 10728 --- [springboot-mvc] [RMI TCP Connection(17)-127.0.0.1] o.s.b.w.e.tomcat.GracefulShutdown        : Commencing graceful shutdown. Waiting for active requests to complete
2025-05-14T12:08:39.905+08:00  INFO 10728 --- [springboot-mvc] [tomcat-shutdown] o.s.b.w.e.tomcat.GracefulShutdown        : Graceful shutdown complete
2025-05-14T12:08:39.906+08:00  INFO 10728 --- [springboot-mvc] [RMI TCP Connection(17)-127.0.0.1] com.zaxxer.hikari.HikariDataSource       : HikariPool-1 - Shutdown initiated...
2025-05-14T12:08:39.910+08:00  INFO 10728 --- [springboot-mvc] [RMI TCP Connection(17)-127.0.0.1] com.zaxxer.hikari.HikariDataSource       : HikariPool-1 - Shutdown completed.
2025-05-14T12:08:41.136+08:00  INFO 9800 --- [springboot-mvc] [main] c.example.demo.SpringbootMvcApplication  : Starting SpringbootMvcApplication using Java 21.0.6 with PID 9800 (C:\Users\NTPU\eclipse-workspace\springboot-mvc\target\classes started by NTPU in C:\Users\NTPU\eclipse-workspace\springboot-mvc)
2025-05-14T12:08:41.137+08:00  INFO 9800 --- [springboot-mvc] [main] c.example.demo.SpringbootMvcApplication  : No active profile set, falling back to 1 default profile: "default"
2025-05-14T12:08:41.434+08:00  INFO 9800 --- [springboot-mvc] [main] .s.d.r.c.RepositoryConfigurationDelegate : Bootstrapping Spring Data JDBC repositories in DEFAULT mode.
2025-05-14T12:08:41.445+08:00  INFO 9800 --- [springboot-mvc] [main] .s.d.r.c.RepositoryConfigurationDelegate : Finished Spring Data repository scanning in 8 ms. Found 0 JDBC repository interfaces.
2025-05-14T12:08:41.653+08:00  INFO 9800 --- [springboot-mvc] [main] o.s.b.w.embedded.tomcat.TomcatWebServer  : Tomcat initialized with port 8080 (http)
2025-05-14T12:08:41.662+08:00  INFO 9800 --- [springboot-mvc] [main] o.apache.catalina.core.StandardService   : Starting service [Tomcat]
2025-05-14T12:08:41.662+08:00  INFO 9800 --- [springboot-mvc] [main] o.apache.catalina.core.StandardEngine    : Starting Servlet engine: [Apache Tomcat/10.1.40]
2025-05-14T12:08:41.763+08:00  INFO 9800 --- [springboot-mvc] [main] org.apache.jasper.servlet.TldScanner     : At least one JAR was scanned for TLDs yet contained no TLDs. Enable debug logging for this logger for a complete list of JARs that were scanned but no TLDs were found in them. Skipping unneeded JARs during scanning can improve startup time and JSP compilation time.
2025-05-14T12:08:41.767+08:00  INFO 9800 --- [springboot-mvc] [main] o.a.c.c.C.[Tomcat].[localhost].[/]       : Initializing Spring embedded WebApplicationContext
2025-05-14T12:08:41.767+08:00  INFO 9800 --- [springboot-mvc] [main] w.s.c.ServletWebServerApplicationContext : Root WebApplicationContext: initialization completed in 607 ms
2025-05-14T12:08:41.863+08:00  INFO 9800 --- [springboot-mvc] [main] o.s.b.a.w.s.WelcomePageHandlerMapping    : Adding welcome page: class path resource [static/index.html]
2025-05-14T12:08:42.025+08:00  INFO 9800 --- [springboot-mvc] [main] com.zaxxer.hikari.HikariDataSource       : HikariPool-1 - Starting...
2025-05-14T12:08:42.114+08:00  INFO 9800 --- [springboot-mvc] [main] com.zaxxer.hikari.pool.HikariPool        : HikariPool-1 - Added connection com.mysql.cj.jdbc.ConnectionImpl@5864e8bf
2025-05-14T12:08:42.115+08:00  INFO 9800 --- [springboot-mvc] [main] com.zaxxer.hikari.HikariDataSource       : HikariPool-1 - Start completed.
2025-05-14T12:08:42.201+08:00  INFO 9800 --- [springboot-mvc] [main] o.s.b.w.embedded.tomcat.TomcatWebServer  : Tomcat started on port 8080 (http) with context path '/'
2025-05-14T12:08:42.205+08:00  INFO 9800 --- [springboot-mvc] [main] c.example.demo.SpringbootMvcApplication  : Started SpringbootMvcApplication in 1.282 seconds (process running for 1.572)
2025-05-14T12:09:17.048+08:00  INFO 9800 --- [springboot-mvc] [http-nio-8080-exec-1] o.a.c.c.C.[Tomcat].[localhost].[/]       : Initializing Spring DispatcherServlet 'dispatcherServlet'
2025-05-14T12:09:17.049+08:00  INFO 9800 --- [springboot-mvc] [http-nio-8080-exec-1] o.s.web.servlet.DispatcherServlet        : Initializing Servlet 'dispatcherServlet'
2025-05-14T12:09:17.049+08:00  INFO 9800 --- [springboot-mvc] [http-nio-8080-exec-1] o.s.web.servlet.DispatcherServlet        : Completed initialization in 0 ms
2025-05-14T12:15:50.221+08:00  INFO 9800 --- [springboot-mvc] [RMI TCP Connection(15)-127.0.0.1] inMXBeanRegistrar$SpringApplicationAdmin : Application shutdown requested.
2025-05-14T12:15:50.222+08:00  INFO 9800 --- [springboot-mvc] [RMI TCP Connection(15)-127.0.0.1] o.s.b.w.e.tomcat.GracefulShutdown        : Commencing graceful shutdown. Waiting for active requests to complete
2025-05-14T12:15:50.224+08:00  INFO 9800 --- [springboot-mvc] [tomcat-shutdown] o.s.b.w.e.tomcat.GracefulShutdown        : Graceful shutdown complete
2025-05-14T12:15:50.226+08:00  INFO 9800 --- [springboot-mvc] [RMI TCP Connection(15)-127.0.0.1] com.zaxxer.hikari.HikariDataSource       : HikariPool-1 - Shutdown initiated...
2025-05-14T12:15:50.229+08:00  INFO 9800 --- [springboot-mvc] [RMI TCP Connection(15)-127.0.0.1] com.zaxxer.hikari.HikariDataSource       : HikariPool-1 - Shutdown completed.
2025-05-14T12:15:51.478+08:00  INFO 10480 --- [springboot-mvc] [main] c.example.demo.SpringbootMvcApplication  : Starting SpringbootMvcApplication using Java 21.0.6 with PID 10480 (C:\Users\NTPU\eclipse-workspace\springboot-mvc\target\classes started by NTPU in C:\Users\NTPU\eclipse-workspace\springboot-mvc)
2025-05-14T12:15:51.479+08:00  INFO 10480 --- [springboot-mvc] [main] c.example.demo.SpringbootMvcApplication  : No active profile set, falling back to 1 default profile: "default"
2025-05-14T12:15:51.770+08:00  INFO 10480 --- [springboot-mvc] [main] .s.d.r.c.RepositoryConfigurationDelegate : Bootstrapping Spring Data JDBC repositories in DEFAULT mode.
2025-05-14T12:15:51.781+08:00  INFO 10480 --- [springboot-mvc] [main] .s.d.r.c.RepositoryConfigurationDelegate : Finished Spring Data repository scanning in 8 ms. Found 0 JDBC repository interfaces.
2025-05-14T12:15:51.988+08:00  INFO 10480 --- [springboot-mvc] [main] o.s.b.w.embedded.tomcat.TomcatWebServer  : Tomcat initialized with port 8080 (http)
2025-05-14T12:15:52.000+08:00  INFO 10480 --- [springboot-mvc] [main] o.apache.catalina.core.StandardService   : Starting service [Tomcat]
2025-05-14T12:15:52.000+08:00  INFO 10480 --- [springboot-mvc] [main] o.apache.catalina.core.StandardEngine    : Starting Servlet engine: [Apache Tomcat/10.1.40]
2025-05-14T12:15:52.095+08:00  INFO 10480 --- [springboot-mvc] [main] org.apache.jasper.servlet.TldScanner     : At least one JAR was scanned for TLDs yet contained no TLDs. Enable debug logging for this logger for a complete list of JARs that were scanned but no TLDs were found in them. Skipping unneeded JARs during scanning can improve startup time and JSP compilation time.
2025-05-14T12:15:52.098+08:00  INFO 10480 --- [springboot-mvc] [main] o.a.c.c.C.[Tomcat].[localhost].[/]       : Initializing Spring embedded WebApplicationContext
2025-05-14T12:15:52.099+08:00  INFO 10480 --- [springboot-mvc] [main] w.s.c.ServletWebServerApplicationContext : Root WebApplicationContext: initialization completed in 597 ms
2025-05-14T12:15:52.199+08:00  INFO 10480 --- [springboot-mvc] [main] o.s.b.a.w.s.WelcomePageHandlerMapping    : Adding welcome page: class path resource [static/index.html]
2025-05-14T12:15:52.359+08:00  INFO 10480 --- [springboot-mvc] [main] com.zaxxer.hikari.HikariDataSource       : HikariPool-1 - Starting...
2025-05-14T12:15:52.446+08:00  INFO 10480 --- [springboot-mvc] [main] com.zaxxer.hikari.pool.HikariPool        : HikariPool-1 - Added connection com.mysql.cj.jdbc.ConnectionImpl@6dd79214
2025-05-14T12:15:52.447+08:00  INFO 10480 --- [springboot-mvc] [main] com.zaxxer.hikari.HikariDataSource       : HikariPool-1 - Start completed.
2025-05-14T12:15:52.535+08:00  INFO 10480 --- [springboot-mvc] [main] o.s.b.w.embedded.tomcat.TomcatWebServer  : Tomcat started on port 8080 (http) with context path '/'
2025-05-14T12:15:52.539+08:00  INFO 10480 --- [springboot-mvc] [main] c.example.demo.SpringbootMvcApplication  : Started SpringbootMvcApplication in 1.278 seconds (process running for 1.577)
2025-05-14T12:15:57.326+08:00  INFO 10480 --- [springboot-mvc] [http-nio-8080-exec-1] o.a.c.c.C.[Tomcat].[localhost].[/]       : Initializing Spring DispatcherServlet 'dispatcherServlet'
2025-05-14T12:15:57.326+08:00  INFO 10480 --- [springboot-mvc] [http-nio-8080-exec-1] o.s.web.servlet.DispatcherServlet        : Initializing Servlet 'dispatcherServlet'
2025-05-14T12:15:57.326+08:00  INFO 10480 --- [springboot-mvc] [http-nio-8080-exec-1] o.s.web.servlet.DispatcherServlet        : Completed initialization in 0 ms
2025-05-14T12:31:15.042+08:00  INFO 10480 --- [springboot-mvc] [RMI TCP Connection(24)-127.0.0.1] inMXBeanRegistrar$SpringApplicationAdmin : Application shutdown requested.
2025-05-14T12:31:15.043+08:00  INFO 10480 --- [springboot-mvc] [RMI TCP Connection(24)-127.0.0.1] o.s.b.w.e.tomcat.GracefulShutdown        : Commencing graceful shutdown. Waiting for active requests to complete
2025-05-14T12:31:15.046+08:00  INFO 10480 --- [springboot-mvc] [tomcat-shutdown] o.s.b.w.e.tomcat.GracefulShutdown        : Graceful shutdown complete
2025-05-14T12:31:15.047+08:00  INFO 10480 --- [springboot-mvc] [RMI TCP Connection(24)-127.0.0.1] com.zaxxer.hikari.HikariDataSource       : HikariPool-1 - Shutdown initiated...
2025-05-14T12:31:15.051+08:00  INFO 10480 --- [springboot-mvc] [RMI TCP Connection(24)-127.0.0.1] com.zaxxer.hikari.HikariDataSource       : HikariPool-1 - Shutdown completed.
2025-05-14T12:31:16.285+08:00  INFO 11184 --- [springboot-mvc] [main] c.example.demo.SpringbootMvcApplication  : Starting SpringbootMvcApplication using Java 21.0.6 with PID 11184 (C:\Users\NTPU\eclipse-workspace\springboot-mvc\target\classes started by NTPU in C:\Users\NTPU\eclipse-workspace\springboot-mvc)
2025-05-14T12:31:16.286+08:00  INFO 11184 --- [springboot-mvc] [main] c.example.demo.SpringbootMvcApplication  : No active profile set, falling back to 1 default profile: "default"
2025-05-14T12:31:16.575+08:00  INFO 11184 --- [springboot-mvc] [main] .s.d.r.c.RepositoryConfigurationDelegate : Bootstrapping Spring Data JDBC repositories in DEFAULT mode.
2025-05-14T12:31:16.586+08:00  INFO 11184 --- [springboot-mvc] [main] .s.d.r.c.RepositoryConfigurationDelegate : Finished Spring Data repository scanning in 8 ms. Found 0 JDBC repository interfaces.
2025-05-14T12:31:16.784+08:00  INFO 11184 --- [springboot-mvc] [main] o.s.b.w.embedded.tomcat.TomcatWebServer  : Tomcat initialized with port 8080 (http)
2025-05-14T12:31:16.793+08:00  INFO 11184 --- [springboot-mvc] [main] o.apache.catalina.core.StandardService   : Starting service [Tomcat]
2025-05-14T12:31:16.793+08:00  INFO 11184 --- [springboot-mvc] [main] o.apache.catalina.core.StandardEngine    : Starting Servlet engine: [Apache Tomcat/10.1.40]
2025-05-14T12:31:16.891+08:00  INFO 11184 --- [springboot-mvc] [main] org.apache.jasper.servlet.TldScanner     : At least one JAR was scanned for TLDs yet contained no TLDs. Enable debug logging for this logger for a complete list of JARs that were scanned but no TLDs were found in them. Skipping unneeded JARs during scanning can improve startup time and JSP compilation time.
2025-05-14T12:31:16.895+08:00  INFO 11184 --- [springboot-mvc] [main] o.a.c.c.C.[Tomcat].[localhost].[/]       : Initializing Spring embedded WebApplicationContext
2025-05-14T12:31:16.895+08:00  INFO 11184 --- [springboot-mvc] [main] w.s.c.ServletWebServerApplicationContext : Root WebApplicationContext: initialization completed in 587 ms
2025-05-14T12:31:16.991+08:00  INFO 11184 --- [springboot-mvc] [main] o.s.b.a.w.s.WelcomePageHandlerMapping    : Adding welcome page: class path resource [static/index.html]
2025-05-14T12:31:17.147+08:00  INFO 11184 --- [springboot-mvc] [main] com.zaxxer.hikari.HikariDataSource       : HikariPool-1 - Starting...
2025-05-14T12:31:17.236+08:00  INFO 11184 --- [springboot-mvc] [main] com.zaxxer.hikari.pool.HikariPool        : HikariPool-1 - Added connection com.mysql.cj.jdbc.ConnectionImpl@34009349
2025-05-14T12:31:17.238+08:00  INFO 11184 --- [springboot-mvc] [main] com.zaxxer.hikari.HikariDataSource       : HikariPool-1 - Start completed.
2025-05-14T12:31:17.324+08:00  INFO 11184 --- [springboot-mvc] [main] o.s.b.w.embedded.tomcat.TomcatWebServer  : Tomcat started on port 8080 (http) with context path '/'
2025-05-14T12:31:17.328+08:00  INFO 11184 --- [springboot-mvc] [main] c.example.demo.SpringbootMvcApplication  : Started SpringbootMvcApplication in 1.257 seconds (process running for 1.548)
2025-05-14T12:33:46.819+08:00  INFO 11184 --- [springboot-mvc] [http-nio-8080-exec-1] o.a.c.c.C.[Tomcat].[localhost].[/]       : Initializing Spring DispatcherServlet 'dispatcherServlet'
2025-05-14T12:33:46.819+08:00  INFO 11184 --- [springboot-mvc] [http-nio-8080-exec-1] o.s.web.servlet.DispatcherServlet        : Initializing Servlet 'dispatcherServlet'
2025-05-14T12:33:46.820+08:00  INFO 11184 --- [springboot-mvc] [http-nio-8080-exec-1] o.s.web.servlet.DispatcherServlet        : Completed initialization in 1 ms
2025-05-14T13:52:20.530+08:00  INFO 11184 --- [springboot-mvc] [RMI TCP Connection(89)-127.0.0.1] inMXBeanRegistrar$SpringApplicationAdmin : Application shutdown requested.
2025-05-14T13:52:20.532+08:00  INFO 11184 --- [springboot-mvc] [RMI TCP Connection(89)-127.0.0.1] o.s.b.w.e.tomcat.GracefulShutdown        : Commencing graceful shutdown. Waiting for active requests to complete
2025-05-14T13:52:20.534+08:00  INFO 11184 --- [springboot-mvc] [tomcat-shutdown] o.s.b.w.e.tomcat.GracefulShutdown        : Graceful shutdown complete
2025-05-14T13:52:20.536+08:00  INFO 11184 --- [springboot-mvc] [RMI TCP Connection(89)-127.0.0.1] com.zaxxer.hikari.HikariDataSource       : HikariPool-1 - Shutdown initiated...
2025-05-14T13:52:20.537+08:00  INFO 11184 --- [springboot-mvc] [RMI TCP Connection(89)-127.0.0.1] com.zaxxer.hikari.HikariDataSource       : HikariPool-1 - Shutdown completed.
2025-05-14T13:52:21.770+08:00  INFO 12968 --- [springboot-mvc] [main] c.example.demo.SpringbootMvcApplication  : Starting SpringbootMvcApplication using Java 21.0.6 with PID 12968 (C:\Users\NTPU\eclipse-workspace\springboot-mvc\target\classes started by NTPU in C:\Users\NTPU\eclipse-workspace\springboot-mvc)
2025-05-14T13:52:21.771+08:00  INFO 12968 --- [springboot-mvc] [main] c.example.demo.SpringbootMvcApplication  : No active profile set, falling back to 1 default profile: "default"
2025-05-14T13:52:22.062+08:00  INFO 12968 --- [springboot-mvc] [main] .s.d.r.c.RepositoryConfigurationDelegate : Bootstrapping Spring Data JDBC repositories in DEFAULT mode.
2025-05-14T13:52:22.073+08:00  INFO 12968 --- [springboot-mvc] [main] .s.d.r.c.RepositoryConfigurationDelegate : Finished Spring Data repository scanning in 7 ms. Found 0 JDBC repository interfaces.
2025-05-14T13:52:22.272+08:00  INFO 12968 --- [springboot-mvc] [main] o.s.b.w.embedded.tomcat.TomcatWebServer  : Tomcat initialized with port 8080 (http)
2025-05-14T13:52:22.280+08:00  INFO 12968 --- [springboot-mvc] [main] o.apache.catalina.core.StandardService   : Starting service [Tomcat]
2025-05-14T13:52:22.280+08:00  INFO 12968 --- [springboot-mvc] [main] o.apache.catalina.core.StandardEngine    : Starting Servlet engine: [Apache Tomcat/10.1.40]
2025-05-14T13:52:22.380+08:00  INFO 12968 --- [springboot-mvc] [main] org.apache.jasper.servlet.TldScanner     : At least one JAR was scanned for TLDs yet contained no TLDs. Enable debug logging for this logger for a complete list of JARs that were scanned but no TLDs were found in them. Skipping unneeded JARs during scanning can improve startup time and JSP compilation time.
2025-05-14T13:52:22.384+08:00  INFO 12968 --- [springboot-mvc] [main] o.a.c.c.C.[Tomcat].[localhost].[/]       : Initializing Spring embedded WebApplicationContext
2025-05-14T13:52:22.384+08:00  INFO 12968 --- [springboot-mvc] [main] w.s.c.ServletWebServerApplicationContext : Root WebApplicationContext: initialization completed in 591 ms
2025-05-14T13:52:22.484+08:00  INFO 12968 --- [springboot-mvc] [main] o.s.b.a.w.s.WelcomePageHandlerMapping    : Adding welcome page: class path resource [static/index.html]
2025-05-14T13:52:22.649+08:00  INFO 12968 --- [springboot-mvc] [main] com.zaxxer.hikari.HikariDataSource       : HikariPool-1 - Starting...
2025-05-14T13:52:22.739+08:00  INFO 12968 --- [springboot-mvc] [main] com.zaxxer.hikari.pool.HikariPool        : HikariPool-1 - Added connection com.mysql.cj.jdbc.ConnectionImpl@48f2054d
2025-05-14T13:52:22.740+08:00  INFO 12968 --- [springboot-mvc] [main] com.zaxxer.hikari.HikariDataSource       : HikariPool-1 - Start completed.
2025-05-14T13:52:22.826+08:00  INFO 12968 --- [springboot-mvc] [main] o.s.b.w.embedded.tomcat.TomcatWebServer  : Tomcat started on port 8080 (http) with context path '/'
2025-05-14T13:52:22.831+08:00  INFO 12968 --- [springboot-mvc] [main] c.example.demo.SpringbootMvcApplication  : Started SpringbootMvcApplication in 1.269 seconds (process running for 1.557)
2025-05-14T13:52:29.116+08:00  INFO 12968 --- [springboot-mvc] [http-nio-8080-exec-1] o.a.c.c.C.[Tomcat].[localhost].[/]       : Initializing Spring DispatcherServlet 'dispatcherServlet'
2025-05-14T13:52:29.117+08:00  INFO 12968 --- [springboot-mvc] [http-nio-8080-exec-1] o.s.web.servlet.DispatcherServlet        : Initializing Servlet 'dispatcherServlet'
2025-05-14T13:52:29.117+08:00  INFO 12968 --- [springboot-mvc] [http-nio-8080-exec-1] o.s.web.servlet.DispatcherServlet        : Completed initialization in 0 ms
2025-05-14T14:20:19.330+08:00  INFO 12968 --- [springboot-mvc] [RMI TCP Connection(37)-127.0.0.1] inMXBeanRegistrar$SpringApplicationAdmin : Application shutdown requested.
2025-05-14T14:20:19.332+08:00  INFO 12968 --- [springboot-mvc] [RMI TCP Connection(37)-127.0.0.1] o.s.b.w.e.tomcat.GracefulShutdown        : Commencing graceful shutdown. Waiting for active requests to complete
2025-05-14T14:20:19.334+08:00  INFO 12968 --- [springboot-mvc] [tomcat-shutdown] o.s.b.w.e.tomcat.GracefulShutdown        : Graceful shutdown complete
2025-05-14T14:20:19.335+08:00  INFO 12968 --- [springboot-mvc] [RMI TCP Connection(37)-127.0.0.1] com.zaxxer.hikari.HikariDataSource       : HikariPool-1 - Shutdown initiated...
2025-05-14T14:20:19.339+08:00  INFO 12968 --- [springboot-mvc] [RMI TCP Connection(37)-127.0.0.1] com.zaxxer.hikari.HikariDataSource       : HikariPool-1 - Shutdown completed.
